CPU Reset (CPU 0)
EAX=00000000 EBX=00000000 ECX=00000000 EDX=00000000
ESI=00000000 EDI=00000000 EBP=00000000 ESP=00000000
EIP=00000000 EFL=00000000 [-------] CPL=0 II=0 A20=0 SMM=0 HLT=0
ES =0000 00000000 00000000 00000000
CS =0000 00000000 00000000 00000000
SS =0000 00000000 00000000 00000000
DS =0000 00000000 00000000 00000000
FS =0000 00000000 00000000 00000000
GS =0000 00000000 00000000 00000000
LDT=0000 00000000 00000000 00000000
TR =0000 00000000 00000000 00000000
GDT=     00000000 00000000
IDT=     00000000 00000000
CR0=00000000 CR2=00000000 CR3=00000000 CR4=00000000
DR0=0000000000000000 DR1=0000000000000000 DR2=0000000000000000 DR3=0000000000000000 
DR6=0000000000000000 DR7=0000000000000000
CCS=00000000 CCD=00000000 CCO=DYNAMIC
EFER=0000000000000000
FCW=0000 FSW=0000 [ST=0] FTW=ff MXCSR=00000000
FPR0=0000000000000000 0000 FPR1=0000000000000000 0000
FPR2=0000000000000000 0000 FPR3=0000000000000000 0000
FPR4=0000000000000000 0000 FPR5=0000000000000000 0000
FPR6=0000000000000000 0000 FPR7=0000000000000000 0000
XMM00=0000000000000000 0000000000000000 XMM01=0000000000000000 0000000000000000
XMM02=0000000000000000 0000000000000000 XMM03=0000000000000000 0000000000000000
XMM04=0000000000000000 0000000000000000 XMM05=0000000000000000 0000000000000000
XMM06=0000000000000000 0000000000000000 XMM07=0000000000000000 0000000000000000
CPU Reset (CPU 1)
EAX=00000000 EBX=00000000 ECX=00000000 EDX=00000000
ESI=00000000 EDI=00000000 EBP=00000000 ESP=00000000
EIP=00000000 EFL=00000000 [-------] CPL=0 II=0 A20=0 SMM=0 HLT=0
ES =0000 00000000 00000000 00000000
CS =0000 00000000 00000000 00000000
SS =0000 00000000 00000000 00000000
DS =0000 00000000 00000000 00000000
FS =0000 00000000 00000000 00000000
GS =0000 00000000 00000000 00000000
LDT=0000 00000000 00000000 00000000
TR =0000 00000000 00000000 00000000
GDT=     00000000 00000000
IDT=     00000000 00000000
CR0=00000000 CR2=00000000 CR3=00000000 CR4=00000000
DR0=0000000000000000 DR1=0000000000000000 DR2=0000000000000000 DR3=0000000000000000 
DR6=0000000000000000 DR7=0000000000000000
CCS=00000000 CCD=00000000 CCO=DYNAMIC
EFER=0000000000000000
FCW=0000 FSW=0000 [ST=0] FTW=ff MXCSR=00000000
FPR0=0000000000000000 0000 FPR1=0000000000000000 0000
FPR2=0000000000000000 0000 FPR3=0000000000000000 0000
FPR4=0000000000000000 0000 FPR5=0000000000000000 0000
FPR6=0000000000000000 0000 FPR7=0000000000000000 0000
XMM00=0000000000000000 0000000000000000 XMM01=0000000000000000 0000000000000000
XMM02=0000000000000000 0000000000000000 XMM03=0000000000000000 0000000000000000
XMM04=0000000000000000 0000000000000000 XMM05=0000000000000000 0000000000000000
XMM06=0000000000000000 0000000000000000 XMM07=0000000000000000 0000000000000000
CPU Reset (CPU 2)
EAX=00000000 EBX=00000000 ECX=00000000 EDX=00000000
ESI=00000000 EDI=00000000 EBP=00000000 ESP=00000000
EIP=00000000 EFL=00000000 [-------] CPL=0 II=0 A20=0 SMM=0 HLT=0
ES =0000 00000000 00000000 00000000
CS =0000 00000000 00000000 00000000
SS =0000 00000000 00000000 00000000
DS =0000 00000000 00000000 00000000
FS =0000 00000000 00000000 00000000
GS =0000 00000000 00000000 00000000
LDT=0000 00000000 00000000 00000000
TR =0000 00000000 00000000 00000000
GDT=     00000000 00000000
IDT=     00000000 00000000
CR0=00000000 CR2=00000000 CR3=00000000 CR4=00000000
DR0=0000000000000000 DR1=0000000000000000 DR2=0000000000000000 DR3=0000000000000000 
DR6=0000000000000000 DR7=0000000000000000
CCS=00000000 CCD=00000000 CCO=DYNAMIC
EFER=0000000000000000
FCW=0000 FSW=0000 [ST=0] FTW=ff MXCSR=00000000
FPR0=0000000000000000 0000 FPR1=0000000000000000 0000
FPR2=0000000000000000 0000 FPR3=0000000000000000 0000
FPR4=0000000000000000 0000 FPR5=0000000000000000 0000
FPR6=0000000000000000 0000 FPR7=0000000000000000 0000
XMM00=0000000000000000 0000000000000000 XMM01=0000000000000000 0000000000000000
XMM02=0000000000000000 0000000000000000 XMM03=0000000000000000 0000000000000000
XMM04=0000000000000000 0000000000000000 XMM05=0000000000000000 0000000000000000
XMM06=0000000000000000 0000000000000000 XMM07=0000000000000000 0000000000000000
CPU Reset (CPU 3)
EAX=00000000 EBX=00000000 ECX=00000000 EDX=00000000
ESI=00000000 EDI=00000000 EBP=00000000 ESP=00000000
EIP=00000000 EFL=00000000 [-------] CPL=0 II=0 A20=0 SMM=0 HLT=0
ES =0000 00000000 00000000 00000000
CS =0000 00000000 00000000 00000000
SS =0000 00000000 00000000 00000000
DS =0000 00000000 00000000 00000000
FS =0000 00000000 00000000 00000000
GS =0000 00000000 00000000 00000000
LDT=0000 00000000 00000000 00000000
TR =0000 00000000 00000000 00000000
GDT=     00000000 00000000
IDT=     00000000 00000000
CR0=00000000 CR2=00000000 CR3=00000000 CR4=00000000
DR0=0000000000000000 DR1=0000000000000000 DR2=0000000000000000 DR3=0000000000000000 
DR6=0000000000000000 DR7=0000000000000000
CCS=00000000 CCD=00000000 CCO=DYNAMIC
EFER=0000000000000000
FCW=0000 FSW=0000 [ST=0] FTW=ff MXCSR=00000000
FPR0=0000000000000000 0000 FPR1=0000000000000000 0000
FPR2=0000000000000000 0000 FPR3=0000000000000000 0000
FPR4=0000000000000000 0000 FPR5=0000000000000000 0000
FPR6=0000000000000000 0000 FPR7=0000000000000000 0000
XMM00=0000000000000000 0000000000000000 XMM01=0000000000000000 0000000000000000
XMM02=0000000000000000 0000000000000000 XMM03=0000000000000000 0000000000000000
XMM04=0000000000000000 0000000000000000 XMM05=0000000000000000 0000000000000000
XMM06=0000000000000000 0000000000000000 XMM07=0000000000000000 0000000000000000
CPU Reset (CPU 0)
EAX=00000000 EBX=00000000 ECX=00000000 EDX=00060fb1
ESI=00000000 EDI=00000000 EBP=00000000 ESP=00000000
EIP=0000fff0 EFL=00000002 [-------] CPL=0 II=0 A20=1 SMM=0 HLT=0
ES =0000 00000000 0000ffff 00009300
CS =f000 ffff0000 0000ffff 00009b00
SS =0000 00000000 0000ffff 00009300
DS =0000 00000000 0000ffff 00009300
FS =0000 00000000 0000ffff 00009300
GS =0000 00000000 0000ffff 00009300
LDT=0000 00000000 0000ffff 00008200
TR =0000 00000000 0000ffff 00008b00
GDT=     00000000 0000ffff
IDT=     00000000 0000ffff
CR0=60000010 CR2=00000000 CR3=00000000 CR4=00000000
DR0=0000000000000000 DR1=0000000000000000 DR2=0000000000000000 DR3=0000000000000000 
DR6=00000000ffff0ff0 DR7=0000000000000400
CCS=00000000 CCD=00000000 CCO=DYNAMIC
EFER=0000000000000000
FCW=037f FSW=0000 [ST=0] FTW=00 MXCSR=00001f80
FPR0=0000000000000000 0000 FPR1=0000000000000000 0000
FPR2=0000000000000000 0000 FPR3=0000000000000000 0000
FPR4=0000000000000000 0000 FPR5=0000000000000000 0000
FPR6=0000000000000000 0000 FPR7=0000000000000000 0000
XMM00=0000000000000000 0000000000000000 XMM01=0000000000000000 0000000000000000
XMM02=0000000000000000 0000000000000000 XMM03=0000000000000000 0000000000000000
XMM04=0000000000000000 0000000000000000 XMM05=0000000000000000 0000000000000000
XMM06=0000000000000000 0000000000000000 XMM07=0000000000000000 0000000000000000
CPU Reset (CPU 1)
EAX=00000000 EBX=00000000 ECX=00000000 EDX=00060fb1
ESI=00000000 EDI=00000000 EBP=00000000 ESP=00000000
EIP=0000fff0 EFL=00000002 [-------] CPL=0 II=0 A20=1 SMM=0 HLT=0
ES =0000 00000000 0000ffff 00009300
CS =f000 ffff0000 0000ffff 00009b00
SS =0000 00000000 0000ffff 00009300
DS =0000 00000000 0000ffff 00009300
FS =0000 00000000 0000ffff 00009300
GS =0000 00000000 0000ffff 00009300
LDT=0000 00000000 0000ffff 00008200
TR =0000 00000000 0000ffff 00008b00
GDT=     00000000 0000ffff
IDT=     00000000 0000ffff
CR0=60000010 CR2=00000000 CR3=00000000 CR4=00000000
DR0=0000000000000000 DR1=0000000000000000 DR2=0000000000000000 DR3=0000000000000000 
DR6=00000000ffff0ff0 DR7=0000000000000400
CCS=00000000 CCD=00000000 CCO=DYNAMIC
EFER=0000000000000000
FCW=037f FSW=0000 [ST=0] FTW=00 MXCSR=00001f80
FPR0=0000000000000000 0000 FPR1=0000000000000000 0000
FPR2=0000000000000000 0000 FPR3=0000000000000000 0000
FPR4=0000000000000000 0000 FPR5=0000000000000000 0000
FPR6=0000000000000000 0000 FPR7=0000000000000000 0000
XMM00=0000000000000000 0000000000000000 XMM01=0000000000000000 0000000000000000
XMM02=0000000000000000 0000000000000000 XMM03=0000000000000000 0000000000000000
XMM04=0000000000000000 0000000000000000 XMM05=0000000000000000 0000000000000000
XMM06=0000000000000000 0000000000000000 XMM07=0000000000000000 0000000000000000
CPU Reset (CPU 2)
EAX=00000000 EBX=00000000 ECX=00000000 EDX=00060fb1
ESI=00000000 EDI=00000000 EBP=00000000 ESP=00000000
EIP=0000fff0 EFL=00000002 [-------] CPL=0 II=0 A20=1 SMM=0 HLT=0
ES =0000 00000000 0000ffff 00009300
CS =f000 ffff0000 0000ffff 00009b00
SS =0000 00000000 0000ffff 00009300
DS =0000 00000000 0000ffff 00009300
FS =0000 00000000 0000ffff 00009300
GS =0000 00000000 0000ffff 00009300
LDT=0000 00000000 0000ffff 00008200
TR =0000 00000000 0000ffff 00008b00
GDT=     00000000 0000ffff
IDT=     00000000 0000ffff
CR0=60000010 CR2=00000000 CR3=00000000 CR4=00000000
DR0=0000000000000000 DR1=0000000000000000 DR2=0000000000000000 DR3=0000000000000000 
DR6=00000000ffff0ff0 DR7=0000000000000400
CCS=00000000 CCD=00000000 CCO=DYNAMIC
EFER=0000000000000000
FCW=037f FSW=0000 [ST=0] FTW=00 MXCSR=00001f80
FPR0=0000000000000000 0000 FPR1=0000000000000000 0000
FPR2=0000000000000000 0000 FPR3=0000000000000000 0000
FPR4=0000000000000000 0000 FPR5=0000000000000000 0000
FPR6=0000000000000000 0000 FPR7=0000000000000000 0000
XMM00=0000000000000000 0000000000000000 XMM01=0000000000000000 0000000000000000
XMM02=0000000000000000 0000000000000000 XMM03=0000000000000000 0000000000000000
XMM04=0000000000000000 0000000000000000 XMM05=0000000000000000 0000000000000000
XMM06=0000000000000000 0000000000000000 XMM07=0000000000000000 0000000000000000
CPU Reset (CPU 3)
EAX=00000000 EBX=00000000 ECX=00000000 EDX=00060fb1
ESI=00000000 EDI=00000000 EBP=00000000 ESP=00000000
EIP=0000fff0 EFL=00000002 [-------] CPL=0 II=0 A20=1 SMM=0 HLT=0
ES =0000 00000000 0000ffff 00009300
CS =f000 ffff0000 0000ffff 00009b00
SS =0000 00000000 0000ffff 00009300
DS =0000 00000000 0000ffff 00009300
FS =0000 00000000 0000ffff 00009300
GS =0000 00000000 0000ffff 00009300
LDT=0000 00000000 0000ffff 00008200
TR =0000 00000000 0000ffff 00008b00
GDT=     00000000 0000ffff
IDT=     00000000 0000ffff
CR0=60000010 CR2=00000000 CR3=00000000 CR4=00000000
DR0=0000000000000000 DR1=0000000000000000 DR2=0000000000000000 DR3=0000000000000000 
DR6=00000000ffff0ff0 DR7=0000000000000400
CCS=00000000 CCD=00000000 CCO=DYNAMIC
EFER=0000000000000000
FCW=037f FSW=0000 [ST=0] FTW=00 MXCSR=00001f80
FPR0=0000000000000000 0000 FPR1=0000000000000000 0000
FPR2=0000000000000000 0000 FPR3=0000000000000000 0000
FPR4=0000000000000000 0000 FPR5=0000000000000000 0000
FPR6=0000000000000000 0000 FPR7=0000000000000000 0000
XMM00=0000000000000000 0000000000000000 XMM01=0000000000000000 0000000000000000
XMM02=0000000000000000 0000000000000000 XMM03=0000000000000000 0000000000000000
XMM04=0000000000000000 0000000000000000 XMM05=0000000000000000 0000000000000000
XMM06=0000000000000000 0000000000000000 XMM07=0000000000000000 0000000000000000
CPU Reset (CPU 0)
RAX=04ff8b347e2fffc0 RBX=0000000000000000 RCX=0000000000000100 RDX=0000000000000110
RSI=ffffffffa4abb0ea RDI=ffffffffa4ad9a38 RBP=0000000000000000 RSP=ffff8b347e2fffc0
R8 =0000000000000010 R9 =ffff8b3480000000 R10=00000000007d0000 R11=0000000000000000
R12=0000000000000000 R13=0000000000000000 R14=0000000000000000 R15=0000000000000000
RIP=ffffffffa4ac01a5 RFL=00010246 [---Z-P-] CPL=0 II=0 A20=1 SMM=0 HLT=0
ES =0010 0000000000000000 ffffffff 00c09300 DPL=0 DS   [-WA]
CS =0008 0000000000000000 ffffffff 00a09b00 DPL=0 CS64 [-RA]
SS =0010 0000000000000000 ffffffff 00c09300 DPL=0 DS   [-WA]
DS =0010 0000000000000000 ffffffff 00c09300 DPL=0 DS   [-WA]
FS =0010 0000000000000000 ffffffff 00c09300 DPL=0 DS   [-WA]
GS =0010 0000000000000000 ffffffff 00c09300 DPL=0 DS   [-WA]
LDT=0000 0000000000000000 ffffffff 00c00000
TR =0028 00001145140008b0 00000067 00008b00 DPL=0 TSS64-busy
GDT=     0000114514001c10 00000037
IDT=     0000114514000c10 00000fff
CR0=80010011 CR2=0000000000000000 CR3=00000000bfe0b000 CR4=00000020
DR0=0000000000000000 DR1=0000000000000000 DR2=0000000000000000 DR3=0000000000000000 
DR6=00000000ffff0ff0 DR7=0000000000000400
CCS=0000000000000000 CCD=0000000000000000 CCO=DYNAMIC
EFER=0000000000000d01
FCW=037f FSW=0000 [ST=0] FTW=00 MXCSR=00001f80
FPR0=0000000000000000 0000 FPR1=0000000000000000 0000
FPR2=0000000000000000 0000 FPR3=0000000000000000 0000
FPR4=0000000000000000 0000 FPR5=0000000000000000 0000
FPR6=0000000000000000 0000 FPR7=0000000000000000 0000
XMM00=0000000000000000 0000000000000000 XMM01=0000000000000000 0000000000000000
XMM02=0000000000000000 0000000000000000 XMM03=0000000000000000 0000000000000000
XMM04=0000000000000000 0000000000000000 XMM05=0000000000000000 0000000000000000
XMM06=0000000000000000 0000000000000000 XMM07=0000000000000000 0000000000000000
XMM08=0000000000000000 0000000000000000 XMM09=0000000000000000 0000000000000000
XMM10=0000000000000000 0000000000000000 XMM11=0000000000000000 0000000000000000
XMM12=0000000000000000 0000000000000000 XMM13=0000000000000000 0000000000000000
XMM14=0000000000000000 0000000000000000 XMM15=0000000000000000 0000000000000000
CPU Reset (CPU 1)
RAX=0000000000000000 RBX=000000000203b754 RCX=0000000002032d44 RDX=ffff8b34bed00000
RSI=00000000ffffffff RDI=000011451400c418 RBP=00000000045cb936 RSP=ffff8b347bf90ed8
R8 =0000000000000010 R9 =ffff8b3480000000 R10=00000000007d0000 R11=0000000000000000
R12=000011451400c428 R13=ffffffffffffffff R14=0000000000000043 R15=00000000000186a0
RIP=ffffffffa4aca38a RFL=00000083 [--S---C] CPL=0 II=0 A20=1 SMM=0 HLT=0
ES =0010 0000000000000000 ffffffff 00c09300 DPL=0 DS   [-WA]
CS =0008 0000000000000000 ffffffff 00a09b00 DPL=0 CS64 [-RA]
SS =0010 0000000000000000 ffffffff 00c09300 DPL=0 DS   [-WA]
DS =0010 0000000000000000 ffffffff 00c09300 DPL=0 DS   [-WA]
FS =0010 0000000000000000 ffffffff 00c09300 DPL=0 DS   [-WA]
GS =0010 0000000000000000 ffffffff 00c09300 DPL=0 DS   [-WA]
LDT=0000 0000000000000000 ffffffff 00c00000
TR =0028 000011451400c128 00000067 00008b00 DPL=0 TSS64-busy
GDT=     0000114514002c80 00000037
IDT=     0000114514001c80 00000fff
CR0=80010011 CR2=0000000000000000 CR3=00000000bfe0b000 CR4=00000020
DR0=0000000000000000 DR1=0000000000000000 DR2=0000000000000000 DR3=0000000000000000 
DR6=00000000ffff0ff0 DR7=0000000000000400
CCS=0000000000000000 CCD=0000000000000000 CCO=DYNAMIC
EFER=0000000000000d00
FCW=037f FSW=0000 [ST=0] FTW=00 MXCSR=00001f80
FPR0=0000000000000000 0000 FPR1=0000000000000000 0000
FPR2=0000000000000000 0000 FPR3=0000000000000000 0000
FPR4=0000000000000000 0000 FPR5=0000000000000000 0000
FPR6=0000000000000000 0000 FPR7=0000000000000000 0000
XMM00=0000000000000000 0000000000000000 XMM01=0000000000000000 0000000000000000
XMM02=0000000000000000 0000000000000000 XMM03=0000000000000000 0000000000000000
XMM04=0000000000000000 0000000000000000 XMM05=0000000000000000 0000000000000000
XMM06=0000000000000000 0000000000000000 XMM07=0000000000000000 0000000000000000
XMM08=0000000000000000 0000000000000000 XMM09=0000000000000000 0000000000000000
XMM10=0000000000000000 0000000000000000 XMM11=0000000000000000 0000000000000000
XMM12=0000000000000000 0000000000000000 XMM13=0000000000000000 0000000000000000
XMM14=0000000000000000 0000000000000000 XMM15=0000000000000000 0000000000000000
CPU Reset (CPU 2)
RAX=0000000000000001 RBX=ffffffffa4ad99e8 RCX=ffffffffa4ad0a01 RDX=0000000000000002
RSI=0000000000000002 RDI=0000000000000001 RBP=000000000759addc RSP=ffff8b347bf80ec0
R8 =0000000000000010 R9 =ffff8b3480000000 R10=00000000007d0000 R11=0000000000000000
R12=000011451400c788 R13=0000000000000019 R14=ffffffffa4ac1b20 R15=000011451400c4f8
RIP=ffffffffa4aca3b3 RFL=00000002 [-------] CPL=0 II=0 A20=1 SMM=0 HLT=0
ES =0010 0000000000000000 ffffffff 00c09300 DPL=0 DS   [-WA]
CS =0008 0000000000000000 ffffffff 00a09b00 DPL=0 CS64 [-RA]
SS =0010 0000000000000000 ffffffff 00c09300 DPL=0 DS   [-WA]
DS =0010 0000000000000000 ffffffff 00c09300 DPL=0 DS   [-WA]
FS =0010 0000000000000000 ffffffff 00c09300 DPL=0 DS   [-WA]
GS =0010 0000000000000000 ffffffff 00c09300 DPL=0 DS   [-WA]
LDT=0000 0000000000000000 ffffffff 00c00000
TR =0028 000011451400c488 00000067 00008b00 DPL=0 TSS64-busy
GDT=     0000114514003cf0 00000037
IDT=     0000114514002cf0 00000fff
CR0=80010011 CR2=0000000000000000 CR3=00000000bfe0b000 CR4=00000020
DR0=0000000000000000 DR1=0000000000000000 DR2=0000000000000000 DR3=0000000000000000 
DR6=00000000ffff0ff0 DR7=0000000000000400
CCS=0000000000000000 CCD=0000000000000000 CCO=DYNAMIC
EFER=0000000000000d00
FCW=037f FSW=0000 [ST=0] FTW=00 MXCSR=00001f80
FPR0=0000000000000000 0000 FPR1=0000000000000000 0000
FPR2=0000000000000000 0000 FPR3=0000000000000000 0000
FPR4=0000000000000000 0000 FPR5=0000000000000000 0000
FPR6=0000000000000000 0000 FPR7=0000000000000000 0000
XMM00=0000000000000000 0000000000000000 XMM01=0000000000000000 0000000000000000
XMM02=0000000000000000 0000000000000000 XMM03=0000000000000000 0000000000000000
XMM04=0000000000000000 0000000000000000 XMM05=0000000000000000 0000000000000000
XMM06=0000000000000000 0000000000000000 XMM07=0000000000000000 0000000000000000
XMM08=0000000000000000 0000000000000000 XMM09=0000000000000000 0000000000000000
XMM10=0000000000000000 0000000000000000 XMM11=0000000000000000 0000000000000000
XMM12=0000000000000000 0000000000000000 XMM13=0000000000000000 0000000000000000
XMM14=0000000000000000 0000000000000000 XMM15=0000000000000000 0000000000000000
CPU Reset (CPU 3)
RAX=0000000000000001 RBX=ffff8b347e2df060 RCX=ffffffffa4ad0a01 RDX=0000000000000002
RSI=0000000000000002 RDI=0000000000000001 RBP=0000000000000000 RSP=ffff8b347bf70fa0
R8 =0000000000000010 R9 =ffff8b3480000000 R10=00000000007d0000 R11=0000000000000000
R12=0000000000000000 R13=0000000000000000 R14=ffffffffa4ad99e8 R15=0000000000000000
RIP=ffffffffa4acad2a RFL=00000002 [-------] CPL=0 II=0 A20=1 SMM=0 HLT=0
ES =0030 0000000000000000 00000000 00009300 DPL=0 DS   [-WA]
CS =0028 0000000000000000 00000000 00209b00 DPL=0 CS64 [-RA]
SS =0030 0000000000000000 00000000 00009300 DPL=0 DS   [-WA]
DS =0030 0000000000000000 00000000 00009300 DPL=0 DS   [-WA]
FS =0030 0000000000000000 00000000 00009300 DPL=0 DS   [-WA]
GS =0030 0000000000000000 00000000 00009300 DPL=0 DS   [-WA]
LDT=0000 0000000000000000 ffffffff 00c00000
TR =0000 0000000000000000 0000ffff 00008b00 DPL=0 TSS64-busy
GDT=     ffff8b347fe5f000 00000037
IDT=     0000000000000000 00000000
CR0=80010011 CR2=0000000000000000 CR3=00000000bfe0b000 CR4=00000020
DR0=0000000000000000 DR1=0000000000000000 DR2=0000000000000000 DR3=0000000000000000 
DR6=00000000ffff0ff0 DR7=0000000000000400
CCS=0000000000000000 CCD=0000000000000000 CCO=DYNAMIC
EFER=0000000000000d00
FCW=037f FSW=0000 [ST=0] FTW=00 MXCSR=00001f80
FPR0=0000000000000000 0000 FPR1=0000000000000000 0000
FPR2=0000000000000000 0000 FPR3=0000000000000000 0000
FPR4=0000000000000000 0000 FPR5=0000000000000000 0000
FPR6=0000000000000000 0000 FPR7=0000000000000000 0000
XMM00=0000000000000000 0000000000000000 XMM01=0000000000000000 0000000000000000
XMM02=0000000000000000 0000000000000000 XMM03=0000000000000000 0000000000000000
XMM04=0000000000000000 0000000000000000 XMM05=0000000000000000 0000000000000000
XMM06=0000000000000000 0000000000000000 XMM07=0000000000000000 0000000000000000
XMM08=0000000000000000 0000000000000000 XMM09=0000000000000000 0000000000000000
XMM10=0000000000000000 0000000000000000 XMM11=0000000000000000 0000000000000000
XMM12=0000000000000000 0000000000000000 XMM13=0000000000000000 0000000000000000
XMM14=0000000000000000 0000000000000000 XMM15=0000000000000000 0000000000000000
CPU Reset (CPU 0)
RAX=04ff8c727e2fffc0 RBX=0000000000000000 RCX=0000000000000100 RDX=0000000000000100
RSI=ffffffffba9510ea RDI=ffffffffba96fa38 RBP=0000000000000000 RSP=ffff8c727e2fffc0
R8 =0000000000000010 R9 =ffff8c7280000000 R10=00000000007d0000 R11=0000000000000000
R12=0000000000000000 R13=0000000000000000 R14=0000000000000000 R15=0000000000000000
RIP=ffffffffba9561a5 RFL=00010246 [---Z-P-] CPL=0 II=0 A20=1 SMM=0 HLT=0
ES =0010 0000000000000000 ffffffff 00c09300 DPL=0 DS   [-WA]
CS =0008 0000000000000000 ffffffff 00a09b00 DPL=0 CS64 [-RA]
SS =0010 0000000000000000 ffffffff 00c09300 DPL=0 DS   [-WA]
DS =0010 0000000000000000 ffffffff 00c09300 DPL=0 DS   [-WA]
FS =0010 0000000000000000 ffffffff 00c09300 DPL=0 DS   [-WA]
GS =0010 0000000000000000 ffffffff 00c09300 DPL=0 DS   [-WA]
LDT=0000 0000000000000000 ffffffff 00c00000
TR =0028 00001145140008b0 00000067 00008b00 DPL=0 TSS64-busy
GDT=     0000114514001c10 00000037
IDT=     0000114514000c10 00000fff
CR0=80010011 CR2=0000000000000000 CR3=00000000bfe0b000 CR4=00000020
DR0=0000000000000000 DR1=0000000000000000 DR2=0000000000000000 DR3=0000000000000000 
DR6=00000000ffff0ff0 DR7=0000000000000400
CCS=0000000000000000 CCD=0000000000000000 CCO=DYNAMIC
EFER=0000000000000d01
FCW=037f FSW=0000 [ST=0] FTW=00 MXCSR=00001f80
FPR0=0000000000000000 0000 FPR1=0000000000000000 0000
FPR2=0000000000000000 0000 FPR3=0000000000000000 0000
FPR4=0000000000000000 0000 FPR5=0000000000000000 0000
FPR6=0000000000000000 0000 FPR7=0000000000000000 0000
XMM00=0000000000000000 0000000000000000 XMM01=0000000000000000 0000000000000000
XMM02=0000000000000000 0000000000000000 XMM03=0000000000000000 0000000000000000
XMM04=0000000000000000 0000000000000000 XMM05=0000000000000000 0000000000000000
XMM06=0000000000000000 0000000000000000 XMM07=0000000000000000 0000000000000000
XMM08=0000000000000000 0000000000000000 XMM09=0000000000000000 0000000000000000
XMM10=0000000000000000 0000000000000000 XMM11=0000000000000000 0000000000000000
XMM12=0000000000000000 0000000000000000 XMM13=0000000000000000 0000000000000000
XMM14=0000000000000000 0000000000000000 XMM15=0000000000000000 0000000000000000
CPU Reset (CPU 1)
RAX=0000000000000001 RBX=ffffffffba96f9e8 RCX=ffffffffba966a01 RDX=0000000000000002
RSI=0000000000000002 RDI=0000000000000001 RBP=0000000008a8ed05 RSP=ffff8c727bf90ec0
R8 =0000000000000010 R9 =ffff8c7280000000 R10=00000000007d0000 R11=0000000000000000
R12=000011451400c428 R13=0000000000000019 R14=ffffffffba957b20 R15=000011451400c198
RIP=ffffffffba9603b3 RFL=00000002 [-------] CPL=0 II=0 A20=1 SMM=0 HLT=0
ES =0010 0000000000000000 ffffffff 00c09300 DPL=0 DS   [-WA]
CS =0008 0000000000000000 ffffffff 00a09b00 DPL=0 CS64 [-RA]
SS =0010 0000000000000000 ffffffff 00c09300 DPL=0 DS   [-WA]
DS =0010 0000000000000000 ffffffff 00c09300 DPL=0 DS   [-WA]
FS =0010 0000000000000000 ffffffff 00c09300 DPL=0 DS   [-WA]
GS =0010 0000000000000000 ffffffff 00c09300 DPL=0 DS   [-WA]
LDT=0000 0000000000000000 ffffffff 00c00000
TR =0028 000011451400c128 00000067 00008b00 DPL=0 TSS64-busy
GDT=     0000114514002c80 00000037
IDT=     0000114514001c80 00000fff
CR0=80010011 CR2=0000000000000000 CR3=00000000bfe0b000 CR4=00000020
DR0=0000000000000000 DR1=0000000000000000 DR2=0000000000000000 DR3=0000000000000000 
DR6=00000000ffff0ff0 DR7=0000000000000400
CCS=0000000000000000 CCD=0000000000000000 CCO=DYNAMIC
EFER=0000000000000d00
FCW=037f FSW=0000 [ST=0] FTW=00 MXCSR=00001f80
FPR0=0000000000000000 0000 FPR1=0000000000000000 0000
FPR2=0000000000000000 0000 FPR3=0000000000000000 0000
FPR4=0000000000000000 0000 FPR5=0000000000000000 0000
FPR6=0000000000000000 0000 FPR7=0000000000000000 0000
XMM00=0000000000000000 0000000000000000 XMM01=0000000000000000 0000000000000000
XMM02=0000000000000000 0000000000000000 XMM03=0000000000000000 0000000000000000
XMM04=0000000000000000 0000000000000000 XMM05=0000000000000000 0000000000000000
XMM06=0000000000000000 0000000000000000 XMM07=0000000000000000 0000000000000000
XMM08=0000000000000000 0000000000000000 XMM09=0000000000000000 0000000000000000
XMM10=0000000000000000 0000000000000000 XMM11=0000000000000000 0000000000000000
XMM12=0000000000000000 0000000000000000 XMM13=0000000000000000 0000000000000000
XMM14=0000000000000000 0000000000000000 XMM15=0000000000000000 0000000000000000
CPU Reset (CPU 2)
RAX=0000000000000001 RBX=ffff8c727e2df040 RCX=ffffffffba966a01 RDX=0000000000000002
RSI=0000000000000002 RDI=0000000000000001 RBP=0000000000000000 RSP=ffff8c727bf80fa0
R8 =0000000000000010 R9 =ffff8c7280000000 R10=00000000007d0000 R11=0000000000000000
R12=0000000000000000 R13=0000000000000000 R14=ffffffffba96f9e8 R15=0000000000000000
RIP=ffffffffba960d2a RFL=00000002 [-------] CPL=0 II=0 A20=1 SMM=0 HLT=0
ES =0030 0000000000000000 00000000 00009300 DPL=0 DS   [-WA]
CS =0028 0000000000000000 00000000 00209b00 DPL=0 CS64 [-RA]
SS =0030 0000000000000000 00000000 00009300 DPL=0 DS   [-WA]
DS =0030 0000000000000000 00000000 00009300 DPL=0 DS   [-WA]
FS =0030 0000000000000000 00000000 00009300 DPL=0 DS   [-WA]
GS =0030 0000000000000000 00000000 00009300 DPL=0 DS   [-WA]
LDT=0000 0000000000000000 ffffffff 00c00000
TR =0000 0000000000000000 0000ffff 00008b00 DPL=0 TSS64-busy
GDT=     ffff8c727fe5f000 00000037
IDT=     0000000000000000 00000000
CR0=80010011 CR2=0000000000000000 CR3=00000000bfe0b000 CR4=00000020
DR0=0000000000000000 DR1=0000000000000000 DR2=0000000000000000 DR3=0000000000000000 
DR6=00000000ffff0ff0 DR7=0000000000000400
CCS=0000000000000000 CCD=0000000000000000 CCO=DYNAMIC
EFER=0000000000000d00
FCW=037f FSW=0000 [ST=0] FTW=00 MXCSR=00001f80
FPR0=0000000000000000 0000 FPR1=0000000000000000 0000
FPR2=0000000000000000 0000 FPR3=0000000000000000 0000
FPR4=0000000000000000 0000 FPR5=0000000000000000 0000
FPR6=0000000000000000 0000 FPR7=0000000000000000 0000
XMM00=0000000000000000 0000000000000000 XMM01=0000000000000000 0000000000000000
XMM02=0000000000000000 0000000000000000 XMM03=0000000000000000 0000000000000000
XMM04=0000000000000000 0000000000000000 XMM05=0000000000000000 0000000000000000
XMM06=0000000000000000 0000000000000000 XMM07=0000000000000000 0000000000000000
XMM08=0000000000000000 0000000000000000 XMM09=0000000000000000 0000000000000000
XMM10=0000000000000000 0000000000000000 XMM11=0000000000000000 0000000000000000
XMM12=0000000000000000 0000000000000000 XMM13=0000000000000000 0000000000000000
XMM14=0000000000000000 0000000000000000 XMM15=0000000000000000 0000000000000000
CPU Reset (CPU 3)
RAX=0000000000000000 RBX=00000000020f5144 RCX=00000000020f46a9 RDX=ffff8c72bed00000
RSI=00000000ffffffff RDI=000011451400cad8 RBP=000000000342b60a RSP=ffff8c727bf70ed8
R8 =0000000000000010 R9 =ffff8c7280000000 R10=00000000007d0000 R11=0000000000000000
R12=000011451400cae8 R13=ffffffffffffffff R14=000000000000000d R15=00000000000186a0
RIP=ffffffffba960390 RFL=00000046 [---Z-P-] CPL=0 II=0 A20=1 SMM=0 HLT=0
ES =0010 0000000000000000 ffffffff 00c09300 DPL=0 DS   [-WA]
CS =0008 0000000000000000 ffffffff 00a09b00 DPL=0 CS64 [-RA]
SS =0010 0000000000000000 ffffffff 00c09300 DPL=0 DS   [-WA]
DS =0010 0000000000000000 ffffffff 00c09300 DPL=0 DS   [-WA]
FS =0010 0000000000000000 ffffffff 00c09300 DPL=0 DS   [-WA]
GS =0010 0000000000000000 ffffffff 00c09300 DPL=0 DS   [-WA]
LDT=0000 0000000000000000 ffffffff 00c00000
TR =0028 000011451400c7e8 00000067 00008b00 DPL=0 TSS64-busy
GDT=     0000114514004d60 00000037
IDT=     0000114514003d60 00000fff
CR0=80010011 CR2=0000000000000000 CR3=00000000bfe0b000 CR4=00000020
DR0=0000000000000000 DR1=0000000000000000 DR2=0000000000000000 DR3=0000000000000000 
DR6=00000000ffff0ff0 DR7=0000000000000400
CCS=0000000000000000 CCD=0000000000000000 CCO=DYNAMIC
EFER=0000000000000d00
FCW=037f FSW=0000 [ST=0] FTW=00 MXCSR=00001f80
FPR0=0000000000000000 0000 FPR1=0000000000000000 0000
FPR2=0000000000000000 0000 FPR3=0000000000000000 0000
FPR4=0000000000000000 0000 FPR5=0000000000000000 0000
FPR6=0000000000000000 0000 FPR7=0000000000000000 0000
XMM00=0000000000000000 0000000000000000 XMM01=0000000000000000 0000000000000000
XMM02=0000000000000000 0000000000000000 XMM03=0000000000000000 0000000000000000
XMM04=0000000000000000 0000000000000000 XMM05=0000000000000000 0000000000000000
XMM06=0000000000000000 0000000000000000 XMM07=0000000000000000 0000000000000000
XMM08=0000000000000000 0000000000000000 XMM09=0000000000000000 0000000000000000
XMM10=0000000000000000 0000000000000000 XMM11=0000000000000000 0000000000000000
XMM12=0000000000000000 0000000000000000 XMM13=0000000000000000 0000000000000000
XMM14=0000000000000000 0000000000000000 XMM15=0000000000000000 0000000000000000
CPU Reset (CPU 0)
RAX=04ff8779fe2fffc0 RBX=0000000000000000 RCX=0000000000000100 RDX=0000000000000110
RSI=ffffffffebe6f0ea RDI=ffffffffebe8da38 RBP=0000000000000000 RSP=ffff8779fe2fffc0
R8 =0000000000000010 R9 =ffff877a00000000 R10=00000000007d0000 R11=0000000000000000
R12=0000000000000000 R13=0000000000000000 R14=0000000000000000 R15=0000000000000000
RIP=ffffffffebe741a5 RFL=00010246 [---Z-P-] CPL=0 II=0 A20=1 SMM=0 HLT=0
ES =0010 0000000000000000 ffffffff 00c09300 DPL=0 DS   [-WA]
CS =0008 0000000000000000 ffffffff 00a09b00 DPL=0 CS64 [-RA]
SS =0010 0000000000000000 ffffffff 00c09300 DPL=0 DS   [-WA]
DS =0010 0000000000000000 ffffffff 00c09300 DPL=0 DS   [-WA]
FS =0010 0000000000000000 ffffffff 00c09300 DPL=0 DS   [-WA]
GS =0010 0000000000000000 ffffffff 00c09300 DPL=0 DS   [-WA]
LDT=0000 0000000000000000 ffffffff 00c00000
TR =0028 00001145140008b0 00000067 00008b00 DPL=0 TSS64-busy
GDT=     0000114514001c10 00000037
IDT=     0000114514000c10 00000fff
CR0=80010011 CR2=0000000000000000 CR3=00000000bfe0b000 CR4=00000020
DR0=0000000000000000 DR1=0000000000000000 DR2=0000000000000000 DR3=0000000000000000 
DR6=00000000ffff0ff0 DR7=0000000000000400
CCS=0000000000000000 CCD=0000000000000000 CCO=DYNAMIC
EFER=0000000000000d01
FCW=037f FSW=0000 [ST=0] FTW=00 MXCSR=00001f80
FPR0=0000000000000000 0000 FPR1=0000000000000000 0000
FPR2=0000000000000000 0000 FPR3=0000000000000000 0000
FPR4=0000000000000000 0000 FPR5=0000000000000000 0000
FPR6=0000000000000000 0000 FPR7=0000000000000000 0000
XMM00=0000000000000000 0000000000000000 XMM01=0000000000000000 0000000000000000
XMM02=0000000000000000 0000000000000000 XMM03=0000000000000000 0000000000000000
XMM04=0000000000000000 0000000000000000 XMM05=0000000000000000 0000000000000000
XMM06=0000000000000000 0000000000000000 XMM07=0000000000000000 0000000000000000
XMM08=0000000000000000 0000000000000000 XMM09=0000000000000000 0000000000000000
XMM10=0000000000000000 0000000000000000 XMM11=0000000000000000 0000000000000000
XMM12=0000000000000000 0000000000000000 XMM13=0000000000000000 0000000000000000
XMM14=0000000000000000 0000000000000000 XMM15=0000000000000000 0000000000000000
CPU Reset (CPU 1)
RAX=0000000000000001 RBX=ffffffffebe8d9e8 RCX=ffffffffebe84a01 RDX=0000000000000002
RSI=0000000000000002 RDI=0000000000000001 RBP=0000000006b4cd68 RSP=ffff8779fbf90ec0
R8 =0000000000000010 R9 =ffff877a00000000 R10=00000000007d0000 R11=0000000000000000
R12=000011451400c428 R13=0000000000000019 R14=ffffffffebe75b20 R15=000011451400c198
RIP=ffffffffebe7e3b3 RFL=00000002 [-------] CPL=0 II=0 A20=1 SMM=0 HLT=0
ES =0010 0000000000000000 ffffffff 00c09300 DPL=0 DS   [-WA]
CS =0008 0000000000000000 ffffffff 00a09b00 DPL=0 CS64 [-RA]
SS =0010 0000000000000000 ffffffff 00c09300 DPL=0 DS   [-WA]
DS =0010 0000000000000000 ffffffff 00c09300 DPL=0 DS   [-WA]
FS =0010 0000000000000000 ffffffff 00c09300 DPL=0 DS   [-WA]
GS =0010 0000000000000000 ffffffff 00c09300 DPL=0 DS   [-WA]
LDT=0000 0000000000000000 ffffffff 00c00000
TR =0028 000011451400c128 00000067 00008b00 DPL=0 TSS64-busy
GDT=     0000114514002c80 00000037
IDT=     0000114514001c80 00000fff
CR0=80010011 CR2=0000000000000000 CR3=00000000bfe0b000 CR4=00000020
DR0=0000000000000000 DR1=0000000000000000 DR2=0000000000000000 DR3=0000000000000000 
DR6=00000000ffff0ff0 DR7=0000000000000400
CCS=0000000000000000 CCD=0000000000000000 CCO=DYNAMIC
EFER=0000000000000d00
FCW=037f FSW=0000 [ST=0] FTW=00 MXCSR=00001f80
FPR0=0000000000000000 0000 FPR1=0000000000000000 0000
FPR2=0000000000000000 0000 FPR3=0000000000000000 0000
FPR4=0000000000000000 0000 FPR5=0000000000000000 0000
FPR6=0000000000000000 0000 FPR7=0000000000000000 0000
XMM00=0000000000000000 0000000000000000 XMM01=0000000000000000 0000000000000000
XMM02=0000000000000000 0000000000000000 XMM03=0000000000000000 0000000000000000
XMM04=0000000000000000 0000000000000000 XMM05=0000000000000000 0000000000000000
XMM06=0000000000000000 0000000000000000 XMM07=0000000000000000 0000000000000000
XMM08=0000000000000000 0000000000000000 XMM09=0000000000000000 0000000000000000
XMM10=0000000000000000 0000000000000000 XMM11=0000000000000000 0000000000000000
XMM12=0000000000000000 0000000000000000 XMM13=0000000000000000 0000000000000000
XMM14=0000000000000000 0000000000000000 XMM15=0000000000000000 0000000000000000
CPU Reset (CPU 2)
RAX=0000000000000001 RBX=ffff8779fe2df040 RCX=ffffffffebe84a01 RDX=0000000000000002
RSI=0000000000000002 RDI=0000000000000001 RBP=0000000000000000 RSP=ffff8779fbf80fa0
R8 =0000000000000010 R9 =ffff877a00000000 R10=00000000007d0000 R11=0000000000000000
R12=0000000000000000 R13=0000000000000000 R14=ffffffffebe8d9e8 R15=0000000000000000
RIP=ffffffffebe7ed2a RFL=00000002 [-------] CPL=0 II=0 A20=1 SMM=0 HLT=0
ES =0030 0000000000000000 00000000 00009300 DPL=0 DS   [-WA]
CS =0028 0000000000000000 00000000 00209b00 DPL=0 CS64 [-RA]
SS =0030 0000000000000000 00000000 00009300 DPL=0 DS   [-WA]
DS =0030 0000000000000000 00000000 00009300 DPL=0 DS   [-WA]
FS =0030 0000000000000000 00000000 00009300 DPL=0 DS   [-WA]
GS =0030 0000000000000000 00000000 00009300 DPL=0 DS   [-WA]
LDT=0000 0000000000000000 ffffffff 00c00000
TR =0000 0000000000000000 0000ffff 00008b00 DPL=0 TSS64-busy
GDT=     ffff8779ffe5f000 00000037
IDT=     0000000000000000 00000000
CR0=80010011 CR2=0000000000000000 CR3=00000000bfe0b000 CR4=00000020
DR0=0000000000000000 DR1=0000000000000000 DR2=0000000000000000 DR3=0000000000000000 
DR6=00000000ffff0ff0 DR7=0000000000000400
CCS=0000000000000000 CCD=0000000000000000 CCO=DYNAMIC
EFER=0000000000000d00
FCW=037f FSW=0000 [ST=0] FTW=00 MXCSR=00001f80
FPR0=0000000000000000 0000 FPR1=0000000000000000 0000
FPR2=0000000000000000 0000 FPR3=0000000000000000 0000
FPR4=0000000000000000 0000 FPR5=0000000000000000 0000
FPR6=0000000000000000 0000 FPR7=0000000000000000 0000
XMM00=0000000000000000 0000000000000000 XMM01=0000000000000000 0000000000000000
XMM02=0000000000000000 0000000000000000 XMM03=0000000000000000 0000000000000000
XMM04=0000000000000000 0000000000000000 XMM05=0000000000000000 0000000000000000
XMM06=0000000000000000 0000000000000000 XMM07=0000000000000000 0000000000000000
XMM08=0000000000000000 0000000000000000 XMM09=0000000000000000 0000000000000000
XMM10=0000000000000000 0000000000000000 XMM11=0000000000000000 0000000000000000
XMM12=0000000000000000 0000000000000000 XMM13=0000000000000000 0000000000000000
XMM14=0000000000000000 0000000000000000 XMM15=0000000000000000 0000000000000000
CPU Reset (CPU 3)
RAX=0000000000000000 RBX=0000000001fa5e99 RCX=0000000001f96ede RDX=ffff877a3ed00000
RSI=00000000ffffffff RDI=000011451400cad8 RBP=000000000508b47b RSP=ffff8779fbf70ed8
R8 =0000000000000010 R9 =ffff877a00000000 R10=00000000007d0000 R11=0000000000000000
R12=000011451400cae8 R13=ffffffffffffffff R14=0000000000000040 R15=00000000000186a0
RIP=ffffffffebe7e38a RFL=00000093 [--S-A-C] CPL=0 II=0 A20=1 SMM=0 HLT=0
ES =0010 0000000000000000 ffffffff 00c09300 DPL=0 DS   [-WA]
CS =0008 0000000000000000 ffffffff 00a09b00 DPL=0 CS64 [-RA]
SS =0010 0000000000000000 ffffffff 00c09300 DPL=0 DS   [-WA]
DS =0010 0000000000000000 ffffffff 00c09300 DPL=0 DS   [-WA]
FS =0010 0000000000000000 ffffffff 00c09300 DPL=0 DS   [-WA]
GS =0010 0000000000000000 ffffffff 00c09300 DPL=0 DS   [-WA]
LDT=0000 0000000000000000 ffffffff 00c00000
TR =0028 000011451400c7e8 00000067 00008b00 DPL=0 TSS64-busy
GDT=     0000114514004d60 00000037
IDT=     0000114514003d60 00000fff
CR0=80010011 CR2=0000000000000000 CR3=00000000bfe0b000 CR4=00000020
DR0=0000000000000000 DR1=0000000000000000 DR2=0000000000000000 DR3=0000000000000000 
DR6=00000000ffff0ff0 DR7=0000000000000400
CCS=0000000000000000 CCD=0000000000000000 CCO=DYNAMIC
EFER=0000000000000d00
FCW=037f FSW=0000 [ST=0] FTW=00 MXCSR=00001f80
FPR0=0000000000000000 0000 FPR1=0000000000000000 0000
FPR2=0000000000000000 0000 FPR3=0000000000000000 0000
FPR4=0000000000000000 0000 FPR5=0000000000000000 0000
FPR6=0000000000000000 0000 FPR7=0000000000000000 0000
XMM00=0000000000000000 0000000000000000 XMM01=0000000000000000 0000000000000000
XMM02=0000000000000000 0000000000000000 XMM03=0000000000000000 0000000000000000
XMM04=0000000000000000 0000000000000000 XMM05=0000000000000000 0000000000000000
XMM06=0000000000000000 0000000000000000 XMM07=0000000000000000 0000000000000000
XMM08=0000000000000000 0000000000000000 XMM09=0000000000000000 0000000000000000
XMM10=0000000000000000 0000000000000000 XMM11=0000000000000000 0000000000000000
XMM12=0000000000000000 0000000000000000 XMM13=0000000000000000 0000000000000000
XMM14=0000000000000000 0000000000000000 XMM15=0000000000000000 0000000000000000
CPU Reset (CPU 0)
RAX=04ff8cb6be2fffc0 RBX=0000000000000000 RCX=0000000000000100 RDX=0000000000000110
RSI=ffffffffb728e0ea RDI=ffffffffb72aca38 RBP=0000000000000000 RSP=ffff8cb6be2fffc0
R8 =0000000000000010 R9 =ffff8cb6c0000000 R10=00000000007d0000 R11=0000000000000000
R12=0000000000000000 R13=0000000000000000 R14=0000000000000000 R15=0000000000000000
RIP=ffffffffb72931a5 RFL=00010246 [---Z-P-] CPL=0 II=0 A20=1 SMM=0 HLT=0
ES =0010 0000000000000000 ffffffff 00c09300 DPL=0 DS   [-WA]
CS =0008 0000000000000000 ffffffff 00a09b00 DPL=0 CS64 [-RA]
SS =0010 0000000000000000 ffffffff 00c09300 DPL=0 DS   [-WA]
DS =0010 0000000000000000 ffffffff 00c09300 DPL=0 DS   [-WA]
FS =0010 0000000000000000 ffffffff 00c09300 DPL=0 DS   [-WA]
GS =0010 0000000000000000 ffffffff 00c09300 DPL=0 DS   [-WA]
LDT=0000 0000000000000000 ffffffff 00c00000
TR =0028 00001145140008b0 00000067 00008b00 DPL=0 TSS64-busy
GDT=     0000114514001c10 00000037
IDT=     0000114514000c10 00000fff
CR0=80010011 CR2=0000000000000000 CR3=00000000bfe0b000 CR4=00000020
DR0=0000000000000000 DR1=0000000000000000 DR2=0000000000000000 DR3=0000000000000000 
DR6=00000000ffff0ff0 DR7=0000000000000400
CCS=0000000000000000 CCD=0000000000000000 CCO=DYNAMIC
EFER=0000000000000d01
FCW=037f FSW=0000 [ST=0] FTW=00 MXCSR=00001f80
FPR0=0000000000000000 0000 FPR1=0000000000000000 0000
FPR2=0000000000000000 0000 FPR3=0000000000000000 0000
FPR4=0000000000000000 0000 FPR5=0000000000000000 0000
FPR6=0000000000000000 0000 FPR7=0000000000000000 0000
XMM00=0000000000000000 0000000000000000 XMM01=0000000000000000 0000000000000000
XMM02=0000000000000000 0000000000000000 XMM03=0000000000000000 0000000000000000
XMM04=0000000000000000 0000000000000000 XMM05=0000000000000000 0000000000000000
XMM06=0000000000000000 0000000000000000 XMM07=0000000000000000 0000000000000000
XMM08=0000000000000000 0000000000000000 XMM09=0000000000000000 0000000000000000
XMM10=0000000000000000 0000000000000000 XMM11=0000000000000000 0000000000000000
XMM12=0000000000000000 0000000000000000 XMM13=0000000000000000 0000000000000000
XMM14=0000000000000000 0000000000000000 XMM15=0000000000000000 0000000000000000
CPU Reset (CPU 1)
RAX=0000000000000001 RBX=ffffffffb72ac9e8 RCX=ffffffffb72a3a01 RDX=0000000000000002
RSI=0000000000000002 RDI=0000000000000001 RBP=000000000776e79a RSP=ffff8cb6bbf90ec0
R8 =0000000000000010 R9 =ffff8cb6c0000000 R10=00000000007d0000 R11=0000000000000000
R12=000011451400c428 R13=0000000000000019 R14=ffffffffb7294b20 R15=000011451400c198
RIP=ffffffffb729d3b5 RFL=00000002 [-------] CPL=0 II=0 A20=1 SMM=0 HLT=0
ES =0010 0000000000000000 ffffffff 00c09300 DPL=0 DS   [-WA]
CS =0008 0000000000000000 ffffffff 00a09b00 DPL=0 CS64 [-RA]
SS =0010 0000000000000000 ffffffff 00c09300 DPL=0 DS   [-WA]
DS =0010 0000000000000000 ffffffff 00c09300 DPL=0 DS   [-WA]
FS =0010 0000000000000000 ffffffff 00c09300 DPL=0 DS   [-WA]
GS =0010 0000000000000000 ffffffff 00c09300 DPL=0 DS   [-WA]
LDT=0000 0000000000000000 ffffffff 00c00000
TR =0028 000011451400c128 00000067 00008b00 DPL=0 TSS64-busy
GDT=     0000114514002c80 00000037
IDT=     0000114514001c80 00000fff
CR0=80010011 CR2=0000000000000000 CR3=00000000bfe0b000 CR4=00000020
DR0=0000000000000000 DR1=0000000000000000 DR2=0000000000000000 DR3=0000000000000000 
DR6=00000000ffff0ff0 DR7=0000000000000400
CCS=0000000000000000 CCD=0000000000000000 CCO=DYNAMIC
EFER=0000000000000d00
FCW=037f FSW=0000 [ST=0] FTW=00 MXCSR=00001f80
FPR0=0000000000000000 0000 FPR1=0000000000000000 0000
FPR2=0000000000000000 0000 FPR3=0000000000000000 0000
FPR4=0000000000000000 0000 FPR5=0000000000000000 0000
FPR6=0000000000000000 0000 FPR7=0000000000000000 0000
XMM00=0000000000000000 0000000000000000 XMM01=0000000000000000 0000000000000000
XMM02=0000000000000000 0000000000000000 XMM03=0000000000000000 0000000000000000
XMM04=0000000000000000 0000000000000000 XMM05=0000000000000000 0000000000000000
XMM06=0000000000000000 0000000000000000 XMM07=0000000000000000 0000000000000000
XMM08=0000000000000000 0000000000000000 XMM09=0000000000000000 0000000000000000
XMM10=0000000000000000 0000000000000000 XMM11=0000000000000000 0000000000000000
XMM12=0000000000000000 0000000000000000 XMM13=0000000000000000 0000000000000000
XMM14=0000000000000000 0000000000000000 XMM15=0000000000000000 0000000000000000
CPU Reset (CPU 2)
RAX=0000000000000000 RBX=0000000002045d91 RCX=0000000002044707 RDX=ffff8cb6fed00000
RSI=00000000ffffffff RDI=000011451400c778 RBP=00000000036530f1 RSP=ffff8cb6bbf80ed8
R8 =0000000000000010 R9 =ffff8cb6c0000000 R10=00000000007d0000 R11=0000000000000000
R12=000011451400c788 R13=ffffffffffffffff R14=0000000000000035 R15=00000000000186a0
RIP=ffffffffb729d38a RFL=00000087 [--S--PC] CPL=0 II=0 A20=1 SMM=0 HLT=0
ES =0010 0000000000000000 ffffffff 00c09300 DPL=0 DS   [-WA]
CS =0008 0000000000000000 ffffffff 00a09b00 DPL=0 CS64 [-RA]
SS =0010 0000000000000000 ffffffff 00c09300 DPL=0 DS   [-WA]
DS =0010 0000000000000000 ffffffff 00c09300 DPL=0 DS   [-WA]
FS =0010 0000000000000000 ffffffff 00c09300 DPL=0 DS   [-WA]
GS =0010 0000000000000000 ffffffff 00c09300 DPL=0 DS   [-WA]
LDT=0000 0000000000000000 ffffffff 00c00000
TR =0028 000011451400c488 00000067 00008b00 DPL=0 TSS64-busy
GDT=     0000114514003cf0 00000037
IDT=     0000114514002cf0 00000fff
CR0=80010011 CR2=0000000000000000 CR3=00000000bfe0b000 CR4=00000020
DR0=0000000000000000 DR1=0000000000000000 DR2=0000000000000000 DR3=0000000000000000 
DR6=00000000ffff0ff0 DR7=0000000000000400
CCS=0000000000000000 CCD=0000000000000000 CCO=DYNAMIC
EFER=0000000000000d00
FCW=037f FSW=0000 [ST=0] FTW=00 MXCSR=00001f80
FPR0=0000000000000000 0000 FPR1=0000000000000000 0000
FPR2=0000000000000000 0000 FPR3=0000000000000000 0000
FPR4=0000000000000000 0000 FPR5=0000000000000000 0000
FPR6=0000000000000000 0000 FPR7=0000000000000000 0000
XMM00=0000000000000000 0000000000000000 XMM01=0000000000000000 0000000000000000
XMM02=0000000000000000 0000000000000000 XMM03=0000000000000000 0000000000000000
XMM04=0000000000000000 0000000000000000 XMM05=0000000000000000 0000000000000000
XMM06=0000000000000000 0000000000000000 XMM07=0000000000000000 0000000000000000
XMM08=0000000000000000 0000000000000000 XMM09=0000000000000000 0000000000000000
XMM10=0000000000000000 0000000000000000 XMM11=0000000000000000 0000000000000000
XMM12=0000000000000000 0000000000000000 XMM13=0000000000000000 0000000000000000
XMM14=0000000000000000 0000000000000000 XMM15=0000000000000000 0000000000000000
CPU Reset (CPU 3)
RAX=0000000000000001 RBX=ffff8cb6be2df060 RCX=ffffffffb72a3a01 RDX=0000000000000002
RSI=0000000000000002 RDI=0000000000000001 RBP=0000000000000000 RSP=ffff8cb6bbf70fa0
R8 =0000000000000010 R9 =ffff8cb6c0000000 R10=00000000007d0000 R11=0000000000000000
R12=0000000000000000 R13=0000000000000000 R14=ffffffffb72ac9e8 R15=0000000000000000
RIP=ffffffffb729dd2a RFL=00000002 [-------] CPL=0 II=0 A20=1 SMM=0 HLT=0
ES =0030 0000000000000000 00000000 00009300 DPL=0 DS   [-WA]
CS =0028 0000000000000000 00000000 00209b00 DPL=0 CS64 [-RA]
SS =0030 0000000000000000 00000000 00009300 DPL=0 DS   [-WA]
DS =0030 0000000000000000 00000000 00009300 DPL=0 DS   [-WA]
FS =0030 0000000000000000 00000000 00009300 DPL=0 DS   [-WA]
GS =0030 0000000000000000 00000000 00009300 DPL=0 DS   [-WA]
LDT=0000 0000000000000000 ffffffff 00c00000
TR =0000 0000000000000000 0000ffff 00008b00 DPL=0 TSS64-busy
GDT=     ffff8cb6bfe5f000 00000037
IDT=     0000000000000000 00000000
CR0=80010011 CR2=0000000000000000 CR3=00000000bfe0b000 CR4=00000020
DR0=0000000000000000 DR1=0000000000000000 DR2=0000000000000000 DR3=0000000000000000 
DR6=00000000ffff0ff0 DR7=0000000000000400
CCS=0000000000000000 CCD=0000000000000000 CCO=DYNAMIC
EFER=0000000000000d00
FCW=037f FSW=0000 [ST=0] FTW=00 MXCSR=00001f80
FPR0=0000000000000000 0000 FPR1=0000000000000000 0000
FPR2=0000000000000000 0000 FPR3=0000000000000000 0000
FPR4=0000000000000000 0000 FPR5=0000000000000000 0000
FPR6=0000000000000000 0000 FPR7=0000000000000000 0000
XMM00=0000000000000000 0000000000000000 XMM01=0000000000000000 0000000000000000
XMM02=0000000000000000 0000000000000000 XMM03=0000000000000000 0000000000000000
XMM04=0000000000000000 0000000000000000 XMM05=0000000000000000 0000000000000000
XMM06=0000000000000000 0000000000000000 XMM07=0000000000000000 0000000000000000
XMM08=0000000000000000 0000000000000000 XMM09=0000000000000000 0000000000000000
XMM10=0000000000000000 0000000000000000 XMM11=0000000000000000 0000000000000000
XMM12=0000000000000000 0000000000000000 XMM13=0000000000000000 0000000000000000
XMM14=0000000000000000 0000000000000000 XMM15=0000000000000000 0000000000000000
CPU Reset (CPU 0)
RAX=04ff8d3d7e2fffc0 RBX=0000000000000000 RCX=0000000000000100 RDX=0000000000000120
RSI=ffffffffd3afe0ea RDI=ffffffffd3b1ca38 RBP=0000000000000000 RSP=ffff8d3d7e2fffc0
R8 =0000000000000010 R9 =ffff8d3d80000000 R10=00000000007d0000 R11=0000000000000000
R12=0000000000000000 R13=0000000000000000 R14=0000000000000000 R15=0000000000000000
RIP=ffffffffd3b031a5 RFL=00010246 [---Z-P-] CPL=0 II=0 A20=1 SMM=0 HLT=0
ES =0010 0000000000000000 ffffffff 00c09300 DPL=0 DS   [-WA]
CS =0008 0000000000000000 ffffffff 00a09b00 DPL=0 CS64 [-RA]
SS =0010 0000000000000000 ffffffff 00c09300 DPL=0 DS   [-WA]
DS =0010 0000000000000000 ffffffff 00c09300 DPL=0 DS   [-WA]
FS =0010 0000000000000000 ffffffff 00c09300 DPL=0 DS   [-WA]
GS =0010 0000000000000000 ffffffff 00c09300 DPL=0 DS   [-WA]
LDT=0000 0000000000000000 ffffffff 00c00000
TR =0028 00001145140008b0 00000067 00008b00 DPL=0 TSS64-busy
GDT=     0000114514001c10 00000037
IDT=     0000114514000c10 00000fff
CR0=80010011 CR2=0000000000000000 CR3=00000000bfe0b000 CR4=00000020
DR0=0000000000000000 DR1=0000000000000000 DR2=0000000000000000 DR3=0000000000000000 
DR6=00000000ffff0ff0 DR7=0000000000000400
CCS=0000000000000000 CCD=0000000000000000 CCO=DYNAMIC
EFER=0000000000000d01
FCW=037f FSW=0000 [ST=0] FTW=00 MXCSR=00001f80
FPR0=0000000000000000 0000 FPR1=0000000000000000 0000
FPR2=0000000000000000 0000 FPR3=0000000000000000 0000
FPR4=0000000000000000 0000 FPR5=0000000000000000 0000
FPR6=0000000000000000 0000 FPR7=0000000000000000 0000
XMM00=0000000000000000 0000000000000000 XMM01=0000000000000000 0000000000000000
XMM02=0000000000000000 0000000000000000 XMM03=0000000000000000 0000000000000000
XMM04=0000000000000000 0000000000000000 XMM05=0000000000000000 0000000000000000
XMM06=0000000000000000 0000000000000000 XMM07=0000000000000000 0000000000000000
XMM08=0000000000000000 0000000000000000 XMM09=0000000000000000 0000000000000000
XMM10=0000000000000000 0000000000000000 XMM11=0000000000000000 0000000000000000
XMM12=0000000000000000 0000000000000000 XMM13=0000000000000000 0000000000000000
XMM14=0000000000000000 0000000000000000 XMM15=0000000000000000 0000000000000000
CPU Reset (CPU 1)
RAX=0000000000000001 RBX=ffffffffd3b1c9e8 RCX=ffffffffd3b13a01 RDX=0000000000000002
RSI=0000000000000002 RDI=0000000000000001 RBP=0000000007f2f243 RSP=ffff8d3d7bf90ec0
R8 =0000000000000010 R9 =ffff8d3d80000000 R10=00000000007d0000 R11=0000000000000000
R12=000011451400c428 R13=0000000000000019 R14=ffffffffd3b04b20 R15=000011451400c198
RIP=ffffffffd3b0d3b3 RFL=00000002 [-------] CPL=0 II=0 A20=1 SMM=0 HLT=0
ES =0010 0000000000000000 ffffffff 00c09300 DPL=0 DS   [-WA]
CS =0008 0000000000000000 ffffffff 00a09b00 DPL=0 CS64 [-RA]
SS =0010 0000000000000000 ffffffff 00c09300 DPL=0 DS   [-WA]
DS =0010 0000000000000000 ffffffff 00c09300 DPL=0 DS   [-WA]
FS =0010 0000000000000000 ffffffff 00c09300 DPL=0 DS   [-WA]
GS =0010 0000000000000000 ffffffff 00c09300 DPL=0 DS   [-WA]
LDT=0000 0000000000000000 ffffffff 00c00000
TR =0028 000011451400c128 00000067 00008b00 DPL=0 TSS64-busy
GDT=     0000114514002c80 00000037
IDT=     0000114514001c80 00000fff
CR0=80010011 CR2=0000000000000000 CR3=00000000bfe0b000 CR4=00000020
DR0=0000000000000000 DR1=0000000000000000 DR2=0000000000000000 DR3=0000000000000000 
DR6=00000000ffff0ff0 DR7=0000000000000400
CCS=0000000000000000 CCD=0000000000000000 CCO=DYNAMIC
EFER=0000000000000d00
FCW=037f FSW=0000 [ST=0] FTW=00 MXCSR=00001f80
FPR0=0000000000000000 0000 FPR1=0000000000000000 0000
FPR2=0000000000000000 0000 FPR3=0000000000000000 0000
FPR4=0000000000000000 0000 FPR5=0000000000000000 0000
FPR6=0000000000000000 0000 FPR7=0000000000000000 0000
XMM00=0000000000000000 0000000000000000 XMM01=0000000000000000 0000000000000000
XMM02=0000000000000000 0000000000000000 XMM03=0000000000000000 0000000000000000
XMM04=0000000000000000 0000000000000000 XMM05=0000000000000000 0000000000000000
XMM06=0000000000000000 0000000000000000 XMM07=0000000000000000 0000000000000000
XMM08=0000000000000000 0000000000000000 XMM09=0000000000000000 0000000000000000
XMM10=0000000000000000 0000000000000000 XMM11=0000000000000000 0000000000000000
XMM12=0000000000000000 0000000000000000 XMM13=0000000000000000 0000000000000000
XMM14=0000000000000000 0000000000000000 XMM15=0000000000000000 0000000000000000
CPU Reset (CPU 2)
RAX=0000000000000000 RBX=0000000002c9da82 RCX=0000000002c86d21 RDX=ffff8d3dbed00000
RSI=00000000ffffffff RDI=000011451400c778 RBP=00000000009a13d9 RSP=ffff8d3d7bf80ed8
R8 =0000000000000010 R9 =ffff8d3d80000000 R10=00000000007d0000 R11=0000000000000000
R12=000011451400c788 R13=ffffffffffffffff R14=000000000000000a R15=00000000000186a0
RIP=ffffffffd3b0d384 RFL=00000097 [--S-APC] CPL=0 II=0 A20=1 SMM=0 HLT=0
ES =0010 0000000000000000 ffffffff 00c09300 DPL=0 DS   [-WA]
CS =0008 0000000000000000 ffffffff 00a09b00 DPL=0 CS64 [-RA]
SS =0010 0000000000000000 ffffffff 00c09300 DPL=0 DS   [-WA]
DS =0010 0000000000000000 ffffffff 00c09300 DPL=0 DS   [-WA]
FS =0010 0000000000000000 ffffffff 00c09300 DPL=0 DS   [-WA]
GS =0010 0000000000000000 ffffffff 00c09300 DPL=0 DS   [-WA]
LDT=0000 0000000000000000 ffffffff 00c00000
TR =0028 000011451400c488 00000067 00008b00 DPL=0 TSS64-busy
GDT=     0000114514003cf0 00000037
IDT=     0000114514002cf0 00000fff
CR0=80010011 CR2=0000000000000000 CR3=00000000bfe0b000 CR4=00000020
DR0=0000000000000000 DR1=0000000000000000 DR2=0000000000000000 DR3=0000000000000000 
DR6=00000000ffff0ff0 DR7=0000000000000400
CCS=0000000000000000 CCD=0000000000000000 CCO=DYNAMIC
EFER=0000000000000d00
FCW=037f FSW=0000 [ST=0] FTW=00 MXCSR=00001f80
FPR0=0000000000000000 0000 FPR1=0000000000000000 0000
FPR2=0000000000000000 0000 FPR3=0000000000000000 0000
FPR4=0000000000000000 0000 FPR5=0000000000000000 0000
FPR6=0000000000000000 0000 FPR7=0000000000000000 0000
XMM00=0000000000000000 0000000000000000 XMM01=0000000000000000 0000000000000000
XMM02=0000000000000000 0000000000000000 XMM03=0000000000000000 0000000000000000
XMM04=0000000000000000 0000000000000000 XMM05=0000000000000000 0000000000000000
XMM06=0000000000000000 0000000000000000 XMM07=0000000000000000 0000000000000000
XMM08=0000000000000000 0000000000000000 XMM09=0000000000000000 0000000000000000
XMM10=0000000000000000 0000000000000000 XMM11=0000000000000000 0000000000000000
XMM12=0000000000000000 0000000000000000 XMM13=0000000000000000 0000000000000000
XMM14=0000000000000000 0000000000000000 XMM15=0000000000000000 0000000000000000
CPU Reset (CPU 3)
RAX=0000000000000001 RBX=ffffffffd3b1c9e8 RCX=ffffffffd3b13a01 RDX=0000000000000002
RSI=0000000000000002 RDI=0000000000000001 RBP=0000000006b7d261 RSP=ffff8d3d7bf70ec0
R8 =0000000000000010 R9 =ffff8d3d80000000 R10=00000000007d0000 R11=0000000000000000
R12=000011451400cae8 R13=0000000000000019 R14=ffffffffd3b04b20 R15=000011451400c858
RIP=ffffffffd3b0d3b3 RFL=00000002 [-------] CPL=0 II=0 A20=1 SMM=0 HLT=0
ES =0010 0000000000000000 ffffffff 00c09300 DPL=0 DS   [-WA]
CS =0008 0000000000000000 ffffffff 00a09b00 DPL=0 CS64 [-RA]
SS =0010 0000000000000000 ffffffff 00c09300 DPL=0 DS   [-WA]
DS =0010 0000000000000000 ffffffff 00c09300 DPL=0 DS   [-WA]
FS =0010 0000000000000000 ffffffff 00c09300 DPL=0 DS   [-WA]
GS =0010 0000000000000000 ffffffff 00c09300 DPL=0 DS   [-WA]
LDT=0000 0000000000000000 ffffffff 00c00000
TR =0028 000011451400c7e8 00000067 00008b00 DPL=0 TSS64-busy
GDT=     0000114514004d60 00000037
IDT=     0000114514003d60 00000fff
CR0=80010011 CR2=0000000000000000 CR3=00000000bfe0b000 CR4=00000020
DR0=0000000000000000 DR1=0000000000000000 DR2=0000000000000000 DR3=0000000000000000 
DR6=00000000ffff0ff0 DR7=0000000000000400
CCS=0000000000000000 CCD=0000000000000000 CCO=DYNAMIC
EFER=0000000000000d00
FCW=037f FSW=0000 [ST=0] FTW=00 MXCSR=00001f80
FPR0=0000000000000000 0000 FPR1=0000000000000000 0000
FPR2=0000000000000000 0000 FPR3=0000000000000000 0000
FPR4=0000000000000000 0000 FPR5=0000000000000000 0000
FPR6=0000000000000000 0000 FPR7=0000000000000000 0000
XMM00=0000000000000000 0000000000000000 XMM01=0000000000000000 0000000000000000
XMM02=0000000000000000 0000000000000000 XMM03=0000000000000000 0000000000000000
XMM04=0000000000000000 0000000000000000 XMM05=0000000000000000 0000000000000000
XMM06=0000000000000000 0000000000000000 XMM07=0000000000000000 0000000000000000
XMM08=0000000000000000 0000000000000000 XMM09=0000000000000000 0000000000000000
XMM10=0000000000000000 0000000000000000 XMM11=0000000000000000 0000000000000000
XMM12=0000000000000000 0000000000000000 XMM13=0000000000000000 0000000000000000
XMM14=0000000000000000 0000000000000000 XMM15=0000000000000000 0000000000000000
CPU Reset (CPU 0)
RAX=04ff87137e2fffc0 RBX=0000000000000000 RCX=0000000000000100 RDX=0000000000000120
RSI=ffffffffc34760ea RDI=ffffffffc3494a38 RBP=0000000000000000 RSP=ffff87137e2fffc0
R8 =0000000000000010 R9 =ffff871380000000 R10=00000000007d0000 R11=0000000000000000
R12=0000000000000000 R13=0000000000000000 R14=0000000000000000 R15=0000000000000000
RIP=ffffffffc347b1a5 RFL=00010246 [---Z-P-] CPL=0 II=0 A20=1 SMM=0 HLT=0
ES =0010 0000000000000000 ffffffff 00c09300 DPL=0 DS   [-WA]
CS =0008 0000000000000000 ffffffff 00a09b00 DPL=0 CS64 [-RA]
SS =0010 0000000000000000 ffffffff 00c09300 DPL=0 DS   [-WA]
DS =0010 0000000000000000 ffffffff 00c09300 DPL=0 DS   [-WA]
FS =0010 0000000000000000 ffffffff 00c09300 DPL=0 DS   [-WA]
GS =0010 0000000000000000 ffffffff 00c09300 DPL=0 DS   [-WA]
LDT=0000 0000000000000000 ffffffff 00c00000
TR =0028 00001145140008b0 00000067 00008b00 DPL=0 TSS64-busy
GDT=     0000114514001c10 00000037
IDT=     0000114514000c10 00000fff
CR0=80010011 CR2=0000000000000000 CR3=00000000bfe0b000 CR4=00000020
DR0=0000000000000000 DR1=0000000000000000 DR2=0000000000000000 DR3=0000000000000000 
DR6=00000000ffff0ff0 DR7=0000000000000400
CCS=0000000000000000 CCD=0000000000000000 CCO=DYNAMIC
EFER=0000000000000d01
FCW=037f FSW=0000 [ST=0] FTW=00 MXCSR=00001f80
FPR0=0000000000000000 0000 FPR1=0000000000000000 0000
FPR2=0000000000000000 0000 FPR3=0000000000000000 0000
FPR4=0000000000000000 0000 FPR5=0000000000000000 0000
FPR6=0000000000000000 0000 FPR7=0000000000000000 0000
XMM00=0000000000000000 0000000000000000 XMM01=0000000000000000 0000000000000000
XMM02=0000000000000000 0000000000000000 XMM03=0000000000000000 0000000000000000
XMM04=0000000000000000 0000000000000000 XMM05=0000000000000000 0000000000000000
XMM06=0000000000000000 0000000000000000 XMM07=0000000000000000 0000000000000000
XMM08=0000000000000000 0000000000000000 XMM09=0000000000000000 0000000000000000
XMM10=0000000000000000 0000000000000000 XMM11=0000000000000000 0000000000000000
XMM12=0000000000000000 0000000000000000 XMM13=0000000000000000 0000000000000000
XMM14=0000000000000000 0000000000000000 XMM15=0000000000000000 0000000000000000
CPU Reset (CPU 1)
RAX=0000000000000001 RBX=ffffffffc34949e8 RCX=ffffffffc348ba01 RDX=0000000000000002
RSI=0000000000000002 RDI=0000000000000001 RBP=00000000091e7563 RSP=ffff87137bf90ec0
R8 =0000000000000010 R9 =ffff871380000000 R10=00000000007d0000 R11=0000000000000000
R12=000011451400c428 R13=0000000000000019 R14=ffffffffc347cb20 R15=000011451400c198
RIP=ffffffffc34853b3 RFL=00000002 [-------] CPL=0 II=0 A20=1 SMM=0 HLT=0
ES =0010 0000000000000000 ffffffff 00c09300 DPL=0 DS   [-WA]
CS =0008 0000000000000000 ffffffff 00a09b00 DPL=0 CS64 [-RA]
SS =0010 0000000000000000 ffffffff 00c09300 DPL=0 DS   [-WA]
DS =0010 0000000000000000 ffffffff 00c09300 DPL=0 DS   [-WA]
FS =0010 0000000000000000 ffffffff 00c09300 DPL=0 DS   [-WA]
GS =0010 0000000000000000 ffffffff 00c09300 DPL=0 DS   [-WA]
LDT=0000 0000000000000000 ffffffff 00c00000
TR =0028 000011451400c128 00000067 00008b00 DPL=0 TSS64-busy
GDT=     0000114514002c80 00000037
IDT=     0000114514001c80 00000fff
CR0=80010011 CR2=0000000000000000 CR3=00000000bfe0b000 CR4=00000020
DR0=0000000000000000 DR1=0000000000000000 DR2=0000000000000000 DR3=0000000000000000 
DR6=00000000ffff0ff0 DR7=0000000000000400
CCS=0000000000000000 CCD=0000000000000000 CCO=DYNAMIC
EFER=0000000000000d00
FCW=037f FSW=0000 [ST=0] FTW=00 MXCSR=00001f80
FPR0=0000000000000000 0000 FPR1=0000000000000000 0000
FPR2=0000000000000000 0000 FPR3=0000000000000000 0000
FPR4=0000000000000000 0000 FPR5=0000000000000000 0000
FPR6=0000000000000000 0000 FPR7=0000000000000000 0000
XMM00=0000000000000000 0000000000000000 XMM01=0000000000000000 0000000000000000
XMM02=0000000000000000 0000000000000000 XMM03=0000000000000000 0000000000000000
XMM04=0000000000000000 0000000000000000 XMM05=0000000000000000 0000000000000000
XMM06=0000000000000000 0000000000000000 XMM07=0000000000000000 0000000000000000
XMM08=0000000000000000 0000000000000000 XMM09=0000000000000000 0000000000000000
XMM10=0000000000000000 0000000000000000 XMM11=0000000000000000 0000000000000000
XMM12=0000000000000000 0000000000000000 XMM13=0000000000000000 0000000000000000
XMM14=0000000000000000 0000000000000000 XMM15=0000000000000000 0000000000000000
CPU Reset (CPU 2)
RAX=0000000000000000 RBX=000000000204d73e RCX=000000000205fd30 RDX=ffff8713bed00000
RSI=00000000ffffffff RDI=000011451400c778 RBP=000000000254a572 RSP=ffff87137bf80ed8
R8 =0000000000000010 R9 =ffff871380000000 R10=00000000007d0000 R11=0000000000000000
R12=000011451400c788 R13=ffffffffffffffff R14=0000000000000022 R15=00000000000186a0
RIP=ffffffffc348538a RFL=00000097 [--S-APC] CPL=0 II=0 A20=1 SMM=0 HLT=0
ES =0010 0000000000000000 ffffffff 00c09300 DPL=0 DS   [-WA]
CS =0008 0000000000000000 ffffffff 00a09b00 DPL=0 CS64 [-RA]
SS =0010 0000000000000000 ffffffff 00c09300 DPL=0 DS   [-WA]
DS =0010 0000000000000000 ffffffff 00c09300 DPL=0 DS   [-WA]
FS =0010 0000000000000000 ffffffff 00c09300 DPL=0 DS   [-WA]
GS =0010 0000000000000000 ffffffff 00c09300 DPL=0 DS   [-WA]
LDT=0000 0000000000000000 ffffffff 00c00000
TR =0028 000011451400c488 00000067 00008b00 DPL=0 TSS64-busy
GDT=     0000114514003cf0 00000037
IDT=     0000114514002cf0 00000fff
CR0=80010011 CR2=0000000000000000 CR3=00000000bfe0b000 CR4=00000020
DR0=0000000000000000 DR1=0000000000000000 DR2=0000000000000000 DR3=0000000000000000 
DR6=00000000ffff0ff0 DR7=0000000000000400
CCS=0000000000000000 CCD=0000000000000000 CCO=DYNAMIC
EFER=0000000000000d00
FCW=037f FSW=0000 [ST=0] FTW=00 MXCSR=00001f80
FPR0=0000000000000000 0000 FPR1=0000000000000000 0000
FPR2=0000000000000000 0000 FPR3=0000000000000000 0000
FPR4=0000000000000000 0000 FPR5=0000000000000000 0000
FPR6=0000000000000000 0000 FPR7=0000000000000000 0000
XMM00=0000000000000000 0000000000000000 XMM01=0000000000000000 0000000000000000
XMM02=0000000000000000 0000000000000000 XMM03=0000000000000000 0000000000000000
XMM04=0000000000000000 0000000000000000 XMM05=0000000000000000 0000000000000000
XMM06=0000000000000000 0000000000000000 XMM07=0000000000000000 0000000000000000
XMM08=0000000000000000 0000000000000000 XMM09=0000000000000000 0000000000000000
XMM10=0000000000000000 0000000000000000 XMM11=0000000000000000 0000000000000000
XMM12=0000000000000000 0000000000000000 XMM13=0000000000000000 0000000000000000
XMM14=0000000000000000 0000000000000000 XMM15=0000000000000000 0000000000000000
CPU Reset (CPU 3)
RAX=0000000000000001 RBX=ffff87137e2df060 RCX=ffffffffc348ba01 RDX=0000000000000002
RSI=0000000000000002 RDI=0000000000000001 RBP=0000000000000000 RSP=ffff87137bf70fa0
R8 =0000000000000010 R9 =ffff871380000000 R10=00000000007d0000 R11=0000000000000000
R12=0000000000000000 R13=0000000000000000 R14=ffffffffc34949e8 R15=0000000000000000
RIP=ffffffffc3485d2a RFL=00000002 [-------] CPL=0 II=0 A20=1 SMM=0 HLT=0
ES =0030 0000000000000000 00000000 00009300 DPL=0 DS   [-WA]
CS =0028 0000000000000000 00000000 00209b00 DPL=0 CS64 [-RA]
SS =0030 0000000000000000 00000000 00009300 DPL=0 DS   [-WA]
DS =0030 0000000000000000 00000000 00009300 DPL=0 DS   [-WA]
FS =0030 0000000000000000 00000000 00009300 DPL=0 DS   [-WA]
GS =0030 0000000000000000 00000000 00009300 DPL=0 DS   [-WA]
LDT=0000 0000000000000000 ffffffff 00c00000
TR =0000 0000000000000000 0000ffff 00008b00 DPL=0 TSS64-busy
GDT=     ffff87137fe5f000 00000037
IDT=     0000000000000000 00000000
CR0=80010011 CR2=0000000000000000 CR3=00000000bfe0b000 CR4=00000020
DR0=0000000000000000 DR1=0000000000000000 DR2=0000000000000000 DR3=0000000000000000 
DR6=00000000ffff0ff0 DR7=0000000000000400
CCS=0000000000000000 CCD=0000000000000000 CCO=DYNAMIC
EFER=0000000000000d00
FCW=037f FSW=0000 [ST=0] FTW=00 MXCSR=00001f80
FPR0=0000000000000000 0000 FPR1=0000000000000000 0000
FPR2=0000000000000000 0000 FPR3=0000000000000000 0000
FPR4=0000000000000000 0000 FPR5=0000000000000000 0000
FPR6=0000000000000000 0000 FPR7=0000000000000000 0000
XMM00=0000000000000000 0000000000000000 XMM01=0000000000000000 0000000000000000
XMM02=0000000000000000 0000000000000000 XMM03=0000000000000000 0000000000000000
XMM04=0000000000000000 0000000000000000 XMM05=0000000000000000 0000000000000000
XMM06=0000000000000000 0000000000000000 XMM07=0000000000000000 0000000000000000
XMM08=0000000000000000 0000000000000000 XMM09=0000000000000000 0000000000000000
XMM10=0000000000000000 0000000000000000 XMM11=0000000000000000 0000000000000000
XMM12=0000000000000000 0000000000000000 XMM13=0000000000000000 0000000000000000
XMM14=0000000000000000 0000000000000000 XMM15=0000000000000000 0000000000000000
CPU Reset (CPU 0)
RAX=04ff814dfe2fffc0 RBX=0000000000000000 RCX=0000000000000100 RDX=0000000000000110
RSI=fffffffff90f70ea RDI=fffffffff9115a38 RBP=0000000000000000 RSP=ffff814dfe2fffc0
R8 =0000000000000010 R9 =ffff814e00000000 R10=00000000007d0000 R11=0000000000000000
R12=0000000000000000 R13=0000000000000000 R14=0000000000000000 R15=0000000000000000
RIP=fffffffff90fc1a5 RFL=00010246 [---Z-P-] CPL=0 II=0 A20=1 SMM=0 HLT=0
ES =0010 0000000000000000 ffffffff 00c09300 DPL=0 DS   [-WA]
CS =0008 0000000000000000 ffffffff 00a09b00 DPL=0 CS64 [-RA]
SS =0010 0000000000000000 ffffffff 00c09300 DPL=0 DS   [-WA]
DS =0010 0000000000000000 ffffffff 00c09300 DPL=0 DS   [-WA]
FS =0010 0000000000000000 ffffffff 00c09300 DPL=0 DS   [-WA]
GS =0010 0000000000000000 ffffffff 00c09300 DPL=0 DS   [-WA]
LDT=0000 0000000000000000 ffffffff 00c00000
TR =0028 00001145140008b0 00000067 00008b00 DPL=0 TSS64-busy
GDT=     0000114514001c10 00000037
IDT=     0000114514000c10 00000fff
CR0=80010011 CR2=0000000000000000 CR3=00000000bfe0b000 CR4=00000020
DR0=0000000000000000 DR1=0000000000000000 DR2=0000000000000000 DR3=0000000000000000 
DR6=00000000ffff0ff0 DR7=0000000000000400
CCS=0000000000000000 CCD=0000000000000000 CCO=DYNAMIC
EFER=0000000000000d01
FCW=037f FSW=0000 [ST=0] FTW=00 MXCSR=00001f80
FPR0=0000000000000000 0000 FPR1=0000000000000000 0000
FPR2=0000000000000000 0000 FPR3=0000000000000000 0000
FPR4=0000000000000000 0000 FPR5=0000000000000000 0000
FPR6=0000000000000000 0000 FPR7=0000000000000000 0000
XMM00=0000000000000000 0000000000000000 XMM01=0000000000000000 0000000000000000
XMM02=0000000000000000 0000000000000000 XMM03=0000000000000000 0000000000000000
XMM04=0000000000000000 0000000000000000 XMM05=0000000000000000 0000000000000000
XMM06=0000000000000000 0000000000000000 XMM07=0000000000000000 0000000000000000
XMM08=0000000000000000 0000000000000000 XMM09=0000000000000000 0000000000000000
XMM10=0000000000000000 0000000000000000 XMM11=0000000000000000 0000000000000000
XMM12=0000000000000000 0000000000000000 XMM13=0000000000000000 0000000000000000
XMM14=0000000000000000 0000000000000000 XMM15=0000000000000000 0000000000000000
CPU Reset (CPU 1)
RAX=000000000000005d RBX=0000000000000020 RCX=fffffffff90fa3e8 RDX=00000000000003f8
RSI=fffffffff90fa3e7 RDI=00000000000003f8 RBP=ffff814dfbf90d20 RSP=ffff814dfbf90c90
R8 =00000000000003fd R9 =000000000000005d R10=0000000000000024 R11=fffffffff9113840
R12=ffff814dfbf90d88 R13=fffffffff91138d8 R14=0000000000000010 R15=0000000000000001
RIP=fffffffff910a095 RFL=00000002 [-------] CPL=0 II=0 A20=1 SMM=0 HLT=0
ES =0010 0000000000000000 ffffffff 00c09300 DPL=0 DS   [-WA]
CS =0008 0000000000000000 ffffffff 00a09b00 DPL=0 CS64 [-RA]
SS =0010 0000000000000000 ffffffff 00c09300 DPL=0 DS   [-WA]
DS =0010 0000000000000000 ffffffff 00c09300 DPL=0 DS   [-WA]
FS =0010 0000000000000000 ffffffff 00c09300 DPL=0 DS   [-WA]
GS =0010 0000000000000000 ffffffff 00c09300 DPL=0 DS   [-WA]
LDT=0000 0000000000000000 ffffffff 00c00000
TR =0028 000011451400c128 00000067 00008b00 DPL=0 TSS64-busy
GDT=     0000114514002c80 00000037
IDT=     0000114514001c80 00000fff
CR0=80010011 CR2=0000000000000000 CR3=00000000bfe0b000 CR4=00000020
DR0=0000000000000000 DR1=0000000000000000 DR2=0000000000000000 DR3=0000000000000000 
DR6=00000000ffff0ff0 DR7=0000000000000400
CCS=0000000000000000 CCD=0000000000000000 CCO=DYNAMIC
EFER=0000000000000d00
FCW=037f FSW=0000 [ST=0] FTW=00 MXCSR=00001f80
FPR0=0000000000000000 0000 FPR1=0000000000000000 0000
FPR2=0000000000000000 0000 FPR3=0000000000000000 0000
FPR4=0000000000000000 0000 FPR5=0000000000000000 0000
FPR6=0000000000000000 0000 FPR7=0000000000000000 0000
XMM00=0000000000000000 0000000000000000 XMM01=0000000000000000 0000000000000000
XMM02=0000000000000000 0000000000000000 XMM03=0000000000000000 0000000000000000
XMM04=0000000000000000 0000000000000000 XMM05=0000000000000000 0000000000000000
XMM06=0000000000000000 0000000000000000 XMM07=0000000000000000 0000000000000000
XMM08=0000000000000000 0000000000000000 XMM09=0000000000000000 0000000000000000
XMM10=0000000000000000 0000000000000000 XMM11=0000000000000000 0000000000000000
XMM12=0000000000000000 0000000000000000 XMM13=0000000000000000 0000000000000000
XMM14=0000000000000000 0000000000000000 XMM15=0000000000000000 0000000000000000
CPU Reset (CPU 2)
RAX=0000000000000001 RBX=fffffffff91159e8 RCX=fffffffff910ca01 RDX=0000000000000002
RSI=0000000000000002 RDI=0000000000000001 RBP=0000000007d06829 RSP=ffff814dfbf80ec0
R8 =0000000000000010 R9 =ffff814e00000000 R10=00000000007d0000 R11=0000000000000000
R12=000011451400c788 R13=0000000000000019 R14=fffffffff90fdb20 R15=000011451400c4f8
RIP=fffffffff91063b3 RFL=00000002 [-------] CPL=0 II=0 A20=1 SMM=0 HLT=0
ES =0010 0000000000000000 ffffffff 00c09300 DPL=0 DS   [-WA]
CS =0008 0000000000000000 ffffffff 00a09b00 DPL=0 CS64 [-RA]
SS =0010 0000000000000000 ffffffff 00c09300 DPL=0 DS   [-WA]
DS =0010 0000000000000000 ffffffff 00c09300 DPL=0 DS   [-WA]
FS =0010 0000000000000000 ffffffff 00c09300 DPL=0 DS   [-WA]
GS =0010 0000000000000000 ffffffff 00c09300 DPL=0 DS   [-WA]
LDT=0000 0000000000000000 ffffffff 00c00000
TR =0028 000011451400c488 00000067 00008b00 DPL=0 TSS64-busy
GDT=     0000114514003cf0 00000037
IDT=     0000114514002cf0 00000fff
CR0=80010011 CR2=0000000000000000 CR3=00000000bfe0b000 CR4=00000020
DR0=0000000000000000 DR1=0000000000000000 DR2=0000000000000000 DR3=0000000000000000 
DR6=00000000ffff0ff0 DR7=0000000000000400
CCS=0000000000000000 CCD=0000000000000000 CCO=DYNAMIC
EFER=0000000000000d00
FCW=037f FSW=0000 [ST=0] FTW=00 MXCSR=00001f80
FPR0=0000000000000000 0000 FPR1=0000000000000000 0000
FPR2=0000000000000000 0000 FPR3=0000000000000000 0000
FPR4=0000000000000000 0000 FPR5=0000000000000000 0000
FPR6=0000000000000000 0000 FPR7=0000000000000000 0000
XMM00=0000000000000000 0000000000000000 XMM01=0000000000000000 0000000000000000
XMM02=0000000000000000 0000000000000000 XMM03=0000000000000000 0000000000000000
XMM04=0000000000000000 0000000000000000 XMM05=0000000000000000 0000000000000000
XMM06=0000000000000000 0000000000000000 XMM07=0000000000000000 0000000000000000
XMM08=0000000000000000 0000000000000000 XMM09=0000000000000000 0000000000000000
XMM10=0000000000000000 0000000000000000 XMM11=0000000000000000 0000000000000000
XMM12=0000000000000000 0000000000000000 XMM13=0000000000000000 0000000000000000
XMM14=0000000000000000 0000000000000000 XMM15=0000000000000000 0000000000000000
CPU Reset (CPU 3)
RAX=0000000000000001 RBX=fffffffff91159e8 RCX=fffffffff910ca01 RDX=0000000000000002
RSI=0000000000000002 RDI=0000000000000001 RBP=0000000007a1fa94 RSP=ffff814dfbf70ec0
R8 =0000000000000010 R9 =ffff814e00000000 R10=00000000007d0000 R11=0000000000000000
R12=000011451400cae8 R13=0000000000000019 R14=fffffffff90fdb20 R15=000011451400c858
RIP=fffffffff91063b3 RFL=00000002 [-------] CPL=0 II=0 A20=1 SMM=0 HLT=0
ES =0010 0000000000000000 ffffffff 00c09300 DPL=0 DS   [-WA]
CS =0008 0000000000000000 ffffffff 00a09b00 DPL=0 CS64 [-RA]
SS =0010 0000000000000000 ffffffff 00c09300 DPL=0 DS   [-WA]
DS =0010 0000000000000000 ffffffff 00c09300 DPL=0 DS   [-WA]
FS =0010 0000000000000000 ffffffff 00c09300 DPL=0 DS   [-WA]
GS =0010 0000000000000000 ffffffff 00c09300 DPL=0 DS   [-WA]
LDT=0000 0000000000000000 ffffffff 00c00000
TR =0028 000011451400c7e8 00000067 00008b00 DPL=0 TSS64-busy
GDT=     0000114514004d60 00000037
IDT=     0000114514003d60 00000fff
CR0=80010011 CR2=0000000000000000 CR3=00000000bfe0b000 CR4=00000020
DR0=0000000000000000 DR1=0000000000000000 DR2=0000000000000000 DR3=0000000000000000 
DR6=00000000ffff0ff0 DR7=0000000000000400
CCS=0000000000000000 CCD=0000000000000000 CCO=DYNAMIC
EFER=0000000000000d00
FCW=037f FSW=0000 [ST=0] FTW=00 MXCSR=00001f80
FPR0=0000000000000000 0000 FPR1=0000000000000000 0000
FPR2=0000000000000000 0000 FPR3=0000000000000000 0000
FPR4=0000000000000000 0000 FPR5=0000000000000000 0000
FPR6=0000000000000000 0000 FPR7=0000000000000000 0000
XMM00=0000000000000000 0000000000000000 XMM01=0000000000000000 0000000000000000
XMM02=0000000000000000 0000000000000000 XMM03=0000000000000000 0000000000000000
XMM04=0000000000000000 0000000000000000 XMM05=0000000000000000 0000000000000000
XMM06=0000000000000000 0000000000000000 XMM07=0000000000000000 0000000000000000
XMM08=0000000000000000 0000000000000000 XMM09=0000000000000000 0000000000000000
XMM10=0000000000000000 0000000000000000 XMM11=0000000000000000 0000000000000000
XMM12=0000000000000000 0000000000000000 XMM13=0000000000000000 0000000000000000
XMM14=0000000000000000 0000000000000000 XMM15=0000000000000000 0000000000000000
